[INFO] Scanning for projects...
[WARNING] 
[WARNING] Some problems were encountered while building the effective model for leadsm24:leadsm24:war:0.1-SNAPSHOT
[WARNING] 'build.plugins.plugin.version' for org.apache.maven.plugins:maven-javadoc-plugin is missing. @ line 144, column 21
[WARNING] 
[WARNING] It is highly recommended to fix these problems because they threaten the stability of your build.
[WARNING] 
[WARNING] For this reason, future Maven versions might no longer support building such malformed projects.
[WARNING] 
[INFO]                                                                         
[INFO] ------------------------------------------------------------------------
[INFO] Building leadsm24 0.1-SNAPSHOT
[INFO] ------------------------------------------------------------------------
[INFO] 
[INFO] --- maven-resources-plugin:2.3:resources (default-resources) @ leadsm24 ---
[WARNING] Using platform encoding (UTF-8 actually) to copy filtered resources, i.e. build is platform dependent!
[INFO] Copying 2 resources
[INFO] 
[INFO] --- maven-compiler-plugin:2.1:compile (default-compile) @ leadsm24 ---
[WARNING] File encoding has not been set, using platform encoding UTF-8, i.e. build is platform dependent!
[INFO] Compiling 30 source files to /data/workspace/m24demo/leads-wgs-integration-m24/target/classes
[INFO] ------------------------------------------------------------------------
[INFO] BUILD SUCCESS
[INFO] ------------------------------------------------------------------------
[INFO] Total time: 6.154s
[INFO] Finished at: Wed Nov 19 15:00:57 CET 2014
[INFO] Final Memory: 25M/162M
[INFO] ------------------------------------------------------------------------
