2014-11-05 10:26:00,864 [main            ] [          ] INFO  org.eclipse.jetty.server.Server - jetty-8.1.8.v20121106
2014-11-05 10:26:02,035 [main            ] [          ] INFO  restx.RestxMainRouterFactory - LOADING MAIN ROUTER
2014-11-05 10:26:03,329 [main            ] [          ] INFO  o.h.validator.internal.util.Version - HV000001: Hibernate Validator 5.0.1.Final
2014-11-05 10:26:03,585 [main            ] [          ] INFO  restx.monitor.MetricsConfiguration - registering Metrics JVM metrics
2014-11-05 10:26:03,671 [main            ] [          ] INFO  restx.monitor.MetricsConfiguration - Initializing Metrics JMX Reporter
2014-11-05 10:26:03,727 [main            ] [          ] INFO  restx.stats.RestxStatsCollector - collecting and sharing stats enabled - see http://restx.io/stats.html for details.
2014-11-05 10:26:03,729 [main            ] [          ] INFO  restx.RestxMainRouterFactory - 
--------------------------------------
 -- RESTX READY >> PROD MODE <<
 -- 4 filters
 -- 45 routes
 -- for admin console,
 --   VISIT http://127.0.0.1:8081/eu.leads.api/@/ui/
 --

2014-11-05 10:26:08,877 [qtp934740039-15 ] [admin     ] WARN  c.d.driver.core.FrameCompressor - Cannot find Snappy class, you should make sure the Snappy library is in the classpath if you intend to use it. Snappy compression will not be available for the protocol.
2014-11-05 10:26:08,877 [qtp934740039-15 ] [admin     ] WARN  c.d.driver.core.FrameCompressor - Cannot find LZ4 class, you should make sure the LZ4 library is in the classpath if you intend to use it. LZ4 compression will not be available for the protocol.
2014-11-05 10:26:09,566 [qtp934740039-15 ] [admin     ] INFO  c.d.d.c.p.DCAwareRoundRobinPolicy - Using data-center name 'datacenter1' for DCAwareRoundRobinPolicy (if this is incorrect, please provide the correct datacenter name with DCAwareRoundRobinPolicy constructor)
2014-11-05 10:26:09,570 [Cassandra Java Driver worker-0] [admin     ] INFO  com.datastax.driver.core.Cluster - New Cassandra host /127.0.0.1:9042 added
2014-11-05 10:26:29,304 [qtp934740039-15 ] [admin     ] INFO  restx.StdRestxMainRouter - << [RESTX REQUEST] GET /F1 ? inputJSON={"shopName":["www.wiggle.com"],"keywords":["nike free","adidas"],"periodStart":1410393600000,"periodEnd":1412121600000} >> OK - 20.68 s
2014-11-05 10:31:18,642 [qtp934740039-34 ] [          ] INFO  restx.StdRestxMainRouter - << [RESTX REQUEST] GET /F1 ? inputJSON={"shopName":["www.wiggle.com"],"keywords":["adidas"],"periodStart":1409529600000,"periodEnd":1412035200000} >> OK - 7.741 s
2014-11-05 14:09:31,389 [qtp934740039-251] [          ] INFO  restx.StdRestxMainRouter - << [RESTX REQUEST] GET /F1 ? inputJSON={"shopName":["www.wiggle.com"],"keywords":["adidas","nike"],"periodStart":1409529600000,"periodEnd":1412035200000} >> OK - 17.61 s
2014-11-05 14:09:51,909 [qtp934740039-252] [          ] INFO  restx.StdRestxMainRouter - << [RESTX REQUEST] GET /F1 ? inputJSON={"shopName":["www.wiggle.com"],"keywords":["adidas","nike free"],"periodStart":1409529600000,"periodEnd":1412035200000} >> OK - 11.73 s
2014-11-05 14:16:07,149 [qtp934740039-259] [          ] INFO  restx.StdRestxMainRouter - << [RESTX REQUEST] GET /F1A ? inputJSON={"country":["US","UK"],"keywords":["adidas","nike free"],"periodStart":1409529600000,"periodEnd":1412035200000} >> OK - 510.8 ms
2014-11-05 14:19:06,551 [qtp934740039-262] [          ] INFO  restx.StdRestxMainRouter - << [RESTX REQUEST] GET /F1A ? inputJSON={"country":["US","UK"],"keywords":["adidas","nike free"],"periodStart":1409529600000,"periodEnd":1412035200000} >> OK - 528.9 ms
2014-11-05 14:47:43,696 [qtp934740039-290] [          ] INFO  restx.StdRestxMainRouter - << [RESTX REQUEST] GET /F1A ? inputJSON={"country":["US","UK"],"keywords":["adidas","nike free"],"periodStart":1409529600000,"periodEnd":1412035200000} >> OK - 687.2 ms
2014-11-05 14:49:51,450 [qtp934740039-293] [          ] INFO  restx.StdRestxMainRouter - << [RESTX REQUEST] GET /F1A ? inputJSON={"country":["US","UK"],"keywords":["adidas","nike free"],"periodStart":1409529600000,"periodEnd":1412035200000} >> OK - 561.7 ms
2014-11-05 14:51:10,478 [qtp934740039-295] [          ] INFO  restx.StdRestxMainRouter - << [RESTX REQUEST] GET /F1A ? inputJSON={"country":["US","UK"],"keywords":["adidas","nike free"],"periodStart":1409529600000,"periodEnd":1412035200000} >> OK - 547.5 ms
2014-11-05 14:59:02,452 [qtp934740039-302] [          ] INFO  restx.StdRestxMainRouter - << [RESTX REQUEST] GET /F1A ? inputJSON={"country":["US","UK"],"keywords":["adidas","nike free"],"periodStart":1409529600000,"periodEnd":1412035200000} >> OK - 671.5 ms
2014-11-05 14:59:52,401 [qtp934740039-302] [          ] INFO  restx.StdRestxMainRouter - << [RESTX REQUEST] GET /F1A ? inputJSON={"country":["US","UK"],"keywords":["adidas","nike free"],"periodStart":1409529600000,"periodEnd":1412035200000} >> OK - 476.7 ms
2014-11-05 15:00:23,964 [qtp934740039-302] [          ] INFO  restx.StdRestxMainRouter - << [RESTX REQUEST] GET /F1A ? inputJSON={"country":["US","UK"],"keywords":["adidas","nike free"],"periodStart":1409529600000,"periodEnd":1412035200000} >> OK - 456.4 ms
2014-11-05 15:00:59,214 [qtp934740039-306] [          ] INFO  restx.StdRestxMainRouter - << [RESTX REQUEST] GET /F1A ? inputJSON={"country":["US","UK"],"keywords":["adidas","nike free"],"periodStart":1409529600000,"periodEnd":1412035200000} >> OK - 466.5 ms
2014-11-05 15:09:34,325 [qtp934740039-314] [          ] INFO  restx.StdRestxMainRouter - << [RESTX REQUEST] GET /F1A ? inputJSON={"country":["US","UK"],"keywords":["adidas","nike free"],"periodStart":1409529600000,"periodEnd":1412035200000} >> OK - 1.127 s
2014-11-05 15:11:07,640 [qtp934740039-314] [          ] INFO  restx.StdRestxMainRouter - << [RESTX REQUEST] GET /F1A ? inputJSON={"country":["US","UK"],"keywords":["adidas","nike free"],"periodStart":1409529600000,"periodEnd":1412035200000} >> OK - 471.1 ms
2014-11-05 15:11:38,574 [qtp934740039-317] [          ] INFO  restx.StdRestxMainRouter - << [RESTX REQUEST] GET /F1A ? inputJSON={"country":["US","UK"],"keywords":["adidas","nike free"],"periodStart":1409529600000,"periodEnd":1412035200000} >> OK - 458.9 ms
2014-11-05 15:13:54,824 [qtp934740039-319] [          ] INFO  restx.StdRestxMainRouter - << [RESTX REQUEST] GET /F1A ? inputJSON={"country":["US","UK"],"keywords":["adidas","nike free"],"periodStart":1409529600000,"periodEnd":1412035200000} >> OK - 451.3 ms
2014-11-05 15:14:36,187 [qtp934740039-320] [          ] INFO  restx.StdRestxMainRouter - << [RESTX REQUEST] GET /F1A ? inputJSON={"country":["US","UK"],"keywords":["adidas","nike free"],"periodStart":1409529600000,"periodEnd":1412035200000} >> OK - 413.6 ms
2014-11-05 15:18:27,967 [qtp934740039-324] [          ] INFO  restx.StdRestxMainRouter - << [RESTX REQUEST] GET /F1A ? inputJSON={"country":["US","UK"],"keywords":["adidas","nike free"],"periodStart":1409529600000,"periodEnd":1412035200000} >> OK - 701.7 ms
2014-11-05 15:22:17,633 [qtp934740039-328] [          ] INFO  restx.StdRestxMainRouter - << [RESTX REQUEST] GET /F1A ? inputJSON={"country":["US","UK"],"keywords":["adidas","nike free"],"periodStart":1409529600000,"periodEnd":1412035200000} >> OK - 657.7 ms
2014-11-05 15:23:38,133 [qtp934740039-329] [          ] INFO  restx.StdRestxMainRouter - << [RESTX REQUEST] GET /F1A ? inputJSON={"country":["US","UK"],"keywords":["adidas","nike free"],"periodStart":1409529600000,"periodEnd":1412035200000} >> OK - 506.5 ms
2014-11-05 15:24:33,522 [qtp934740039-331] [          ] INFO  restx.StdRestxMainRouter - << [RESTX REQUEST] GET /F1A ? inputJSON={"country":["US","UK"],"keywords":["adidas","nike free"],"periodStart":1409529600000,"periodEnd":1412035200000} >> OK - 458.2 ms
2014-11-05 15:34:18,800 [qtp934740039-341] [          ] INFO  restx.StdRestxMainRouter - << [RESTX REQUEST] GET /F1A ? inputJSON={"country":["US","UK"],"keywords":["adidas","nike free"],"periodStart":1409529600000,"periodEnd":1412035200000} >> OK - 639.4 ms
2014-11-05 15:35:29,496 [qtp934740039-342] [          ] INFO  restx.StdRestxMainRouter - << [RESTX REQUEST] GET /F1A ? inputJSON={"country":["US","UK"],"keywords":["adidas","nike free"],"periodStart":1409529600000,"periodEnd":1412035200000} >> OK - 435.4 ms
2014-11-05 15:37:45,358 [qtp934740039-345] [          ] INFO  restx.StdRestxMainRouter - << [RESTX REQUEST] GET /F1A ? inputJSON={"country":["US","UK"],"keywords":["adidas","nike free"],"periodStart":1409529600000,"periodEnd":1412035200000} >> OK - 415.1 ms
2014-11-05 19:55:36,800 [qtp934740039-602] [          ] INFO  restx.StdRestxMainRouter - << [RESTX REQUEST] GET /F1A ? inputJSON={"country":["US","UK"],"keywords":["adidas","nike free"],"periodStart":1409529600000,"periodEnd":1412035200000} >> OK - 662.4 ms
2014-11-05 19:56:09,257 [qtp934740039-603] [          ] INFO  restx.StdRestxMainRouter - << [RESTX REQUEST] GET /F1A ? inputJSON={"country":["US","UK"],"keywords":["adidas","nike free"],"periodStart":1409529600000,"periodEnd":1412035200000} >> OK - 383.9 ms
2014-11-05 19:56:36,783 [qtp934740039-602] [          ] INFO  restx.StdRestxMainRouter - << [RESTX REQUEST] GET /F1A ? inputJSON={"country":["US","UK"],"keywords":["adidas","nike free"],"periodStart":1409529600000,"periodEnd":1412035200000} >> OK - 380.2 ms
2014-11-05 19:57:23,173 [qtp934740039-605] [          ] INFO  restx.StdRestxMainRouter - << [RESTX REQUEST] GET /F1A ? inputJSON={"country":["US","UK"],"keywords":["adidas","nike free"],"periodStart":1409529600000,"periodEnd":1412035200000} >> OK - 411.7 ms
2014-11-05 20:00:03,945 [qtp934740039-607] [          ] INFO  restx.StdRestxMainRouter - << [RESTX REQUEST] GET /F1A ? inputJSON={"country":["US","UK"],"keywords":["adidas","nike free"],"periodStart":1409529600000,"periodEnd":1412035200000} >> OK - 433.5 ms
2014-11-05 20:05:48,468 [qtp934740039-613] [          ] INFO  restx.StdRestxMainRouter - << [RESTX REQUEST] GET /F1A ? inputJSON={"country":["US","UK"],"keywords":["adidas","nike free"],"periodStart":1409529600000,"periodEnd":1412035200000} >> OK - 678.8 ms
2014-11-05 20:08:53,260 [qtp934740039-617] [          ] INFO  restx.StdRestxMainRouter - << [RESTX REQUEST] GET /F1A ? inputJSON={"country":["US","UK"],"keywords":["adidas","nike free"],"periodStart":1409529600000,"periodEnd":1412035200000} >> OK - 422.6 ms
2014-11-05 20:12:47,545 [qtp934740039-621] [          ] INFO  restx.StdRestxMainRouter - << [RESTX REQUEST] GET /F1A ? inputJSON={"country":["US","UK"],"keywords":["adidas","nike free"],"periodStart":1409529600000,"periodEnd":1412035200000} >> OK - 424.3 ms
2014-11-05 20:15:59,375 [qtp934740039-624] [          ] INFO  restx.StdRestxMainRouter - << [RESTX REQUEST] GET /F1A ? inputJSON={"country":["US","UK"],"keywords":["adidas","nike free"],"periodStart":1409529600000,"periodEnd":1412035200000} >> OK - 572.0 ms
2014-11-05 20:17:37,555 [qtp934740039-627] [          ] INFO  restx.StdRestxMainRouter - << [RESTX REQUEST] GET /F1A ? inputJSON={"country":["US","UK"],"keywords":["adidas","nike free"],"periodStart":1409529600000,"periodEnd":1412035200000} >> OK - 429.7 ms
2014-11-05 20:18:13,498 [qtp934740039-628] [          ] INFO  restx.StdRestxMainRouter - << [RESTX REQUEST] GET /F1A ? inputJSON={"country":["US","UK"],"keywords":["adidas","nike free"],"periodStart":1409529600000,"periodEnd":1412035200000} >> OK - 392.1 ms
2014-11-05 20:19:01,779 [qtp934740039-628] [          ] INFO  restx.StdRestxMainRouter - << [RESTX REQUEST] GET /F2 ? inputJSON={"language":"en","keywords":["adidas Boost","nike free"],"periodStart":1409529600000,"periodEnd":1412035200000} >> OK - 870.4 ms
2014-11-05 21:16:40,572 [qtp934740039-685] [          ] INFO  restx.StdRestxMainRouter - << [RESTX REQUEST] GET /F2 ? inputJSON={"language":"en","keywords":["adidas Boost","nike free"],"periodStart":1409529600000,"periodEnd":1412035200000} >> OK - 1.077 s
2014-11-05 21:17:05,188 [qtp934740039-685] [          ] INFO  restx.StdRestxMainRouter - << [RESTX REQUEST] GET /F2 ? inputJSON={"language":"en","keywords":["adidas Boost","nike free"],"periodStart":1409529600000,"periodEnd":1412035200000} >> OK - 799.9 ms
2014-11-05 21:17:46,168 [qtp934740039-688] [          ] INFO  restx.StdRestxMainRouter - << [RESTX REQUEST] GET /F2 ? inputJSON={"language":"en","keywords":["adidas Boost","nike free"],"periodStart":1409529600000,"periodEnd":1412035200000} >> OK - 865.6 ms
2014-11-05 21:20:49,749 [qtp934740039-691] [          ] INFO  restx.StdRestxMainRouter - << [RESTX REQUEST] GET /F2 ? inputJSON={"language":"en","keywords":["adidas Boost","nike free"],"periodStart":1409529600000,"periodEnd":1412035200000} >> OK - 888.6 ms
2014-11-05 21:22:24,078 [qtp934740039-692] [          ] INFO  restx.StdRestxMainRouter - << [RESTX REQUEST] GET /F2 ? inputJSON={"language":"en","keywords":["adidas Boost","nike free"],"periodStart":1409529600000,"periodEnd":1412035200000} >> OK - 918.1 ms
2014-11-05 21:23:24,011 [qtp934740039-693] [          ] INFO  restx.StdRestxMainRouter - << [RESTX REQUEST] GET /F2 ? inputJSON={"language":"en","keywords":["adidas Boost","nike free"],"periodStart":1409529600000,"periodEnd":1412035200000} >> OK - 896.1 ms
2014-11-05 21:25:24,884 [qtp934740039-695] [          ] INFO  restx.StdRestxMainRouter - << [RESTX REQUEST] GET /F2 ? inputJSON={"language":"en","keywords":["adidas Boost","nike free"],"periodStart":1409529600000,"periodEnd":1412035200000} >> OK - 867.6 ms
2014-11-05 21:25:59,873 [qtp934740039-696] [          ] INFO  restx.StdRestxMainRouter - << [RESTX REQUEST] GET /F2 ? inputJSON={"language":"en","keywords":["adidas Boost","nike free"],"periodStart":1409529600000,"periodEnd":1412035200000} >> OK - 852.1 ms
2014-11-05 21:31:50,105 [qtp934740039-702] [          ] INFO  restx.StdRestxMainRouter - << [RESTX REQUEST] GET /F2 ? inputJSON={"language":"en","keywords":["adidas Boost","nike free"],"periodStart":1409529600000,"periodEnd":1412035200000} >> OK - 1.051 s
2014-11-05 21:34:21,454 [qtp934740039-705] [          ] INFO  restx.StdRestxMainRouter - << [RESTX REQUEST] GET /F2 ? inputJSON={"language":"en","keywords":["adidas Boost","nike free"],"periodStart":1409529600000,"periodEnd":1412035200000} >> OK - 876.0 ms
2014-11-05 21:35:08,874 [qtp934740039-706] [          ] INFO  restx.StdRestxMainRouter - << [RESTX REQUEST] GET /F2 ? inputJSON={"language":"en","keywords":["adidas Boost","nike free"],"periodStart":1409529600000,"periodEnd":1412035200000} >> OK - 890.9 ms
2014-11-05 21:39:50,943 [qtp934740039-710] [          ] INFO  restx.StdRestxMainRouter - << [RESTX REQUEST] GET /F2 ? inputJSON={"language":"en","keywords":["adidas Boost","nike free"],"periodStart":1409529600000,"periodEnd":1412035200000} >> OK - 875.6 ms
2014-11-05 22:01:23,166 [qtp934740039-732] [          ] INFO  restx.StdRestxMainRouter - << [RESTX REQUEST] GET /F2 ? inputJSON={"language":"en","keywords":["adidas Boost","nike free"],"periodStart":1409529600000,"periodEnd":1412035200000} >> OK - 969.8 ms
2014-11-05 22:03:26,566 [qtp934740039-735] [          ] INFO  restx.StdRestxMainRouter - << [RESTX REQUEST] GET /F2 ? inputJSON={"language":"en","keywords":["adidas Boost","nike free"],"periodStart":1409529600000,"periodEnd":1412035200000} >> OK - 845.0 ms
2014-11-05 22:04:45,994 [qtp934740039-735] [          ] INFO  restx.StdRestxMainRouter - << [RESTX REQUEST] GET /F2 ? inputJSON={"language":"en","keywords":["adidas Boost","nike free"],"periodStart":1409529600000,"periodEnd":1412035200000} >> OK - 853.9 ms
2014-11-05 22:07:20,062 [qtp934740039-739] [          ] INFO  restx.StdRestxMainRouter - << [RESTX REQUEST] GET /F2 ? inputJSON={"language":"en","keywords":["adidas Boost","nike free"],"periodStart":1409529600000,"periodEnd":1412035200000} >> OK - 895.5 ms
2014-11-05 22:09:00,877 [qtp934740039-740] [          ] INFO  restx.StdRestxMainRouter - << [RESTX REQUEST] GET /F1 ? inputJSON={"shopName":["www.wiggle.com","www.holabirdsports.com"],"keywords":["adidas","nike free"],"periodStart":1409529600000,"periodEnd":1412035200000} >> OK - 21.39 s
2014-11-05 22:10:13,298 [qtp934740039-742] [          ] INFO  restx.StdRestxMainRouter - << [RESTX REQUEST] GET /F1A ? inputJSON={"country":["US","UK"],"keywords":["adidas","nike free"],"periodStart":1409529600000,"periodEnd":1412035200000} >> OK - 394.9 ms
2014-11-05 22:10:56,019 [qtp934740039-742] [          ] INFO  restx.StdRestxMainRouter - << [RESTX REQUEST] GET /F1A ? inputJSON={"country":["US","UK"],"keywords":["adidas","nike free"],"periodStart":1409529600000,"periodEnd":1412035200000} >> OK - 349.9 ms
2014-11-05 22:11:30,903 [qtp934740039-743] [          ] INFO  restx.StdRestxMainRouter - << [RESTX REQUEST] GET /F2 ? inputJSON={"language":"en","keywords":["adidas Boost","nike free"],"periodStart":1409529600000,"periodEnd":1412035200000} >> OK - 1.032 s
