2014-11-06 10:23:06,092 [qtp934740039-1472] [          ] INFO  restx.StdRestxMainRouter - << [RESTX REQUEST] GET /F1 ? inputJSON={"shopName":["www.wiggle.com","www.holabirdsports.com"],"keywords":["adidas","nike free"],"periodStart":1409529600000,"periodEnd":1412035200000} >> OK - 23.72 s
2014-11-06 10:25:42,646 [qtp934740039-1476] [          ] INFO  restx.StdRestxMainRouter - << [RESTX REQUEST] GET /F1A ? inputJSON={"country":["US"],"keywords":["adidas"],"periodStart":1409529600000,"periodEnd":1412035200000} >> OK - 312.1 ms
2014-11-06 10:31:56,992 [qtp934740039-1482] [          ] INFO  restx.StdRestxMainRouter - << [RESTX REQUEST] GET /F1A ? inputJSON={"country":["US"],"keywords":["adidas","nike free"],"periodStart":1409529600000,"periodEnd":1412035200000} >> OK - 323.1 ms
2014-11-06 10:32:10,099 [qtp934740039-1482] [          ] INFO  restx.StdRestxMainRouter - << [RESTX REQUEST] GET /F1A ? inputJSON={"country":["US","UK"],"keywords":["adidas","nike free"],"periodStart":1409529600000,"periodEnd":1412035200000} >> OK - 361.1 ms
2014-11-06 10:33:14,527 [qtp934740039-1484] [          ] INFO  restx.StdRestxMainRouter - << [RESTX REQUEST] GET /F2 ? inputJSON={"language":"en","keywords":["adidas Boost","nike free"],"periodStart":1409529600000,"periodEnd":1412035200000} >> OK - 1.888 s
2014-11-06 10:37:07,101 [qtp934740039-1488] [          ] INFO  restx.StdRestxMainRouter - << [RESTX REQUEST] GET /F1A ? inputJSON={"country":["US","UK"],"keywords":["adidas","nike free"],"periodStart":1409529600000,"periodEnd":1412035200000} >> OK - 404.4 ms
2014-11-06 10:54:40,148 [qtp934740039-1506] [          ] INFO  restx.StdRestxMainRouter - << [RESTX REQUEST] GET /F2 ? inputJSON={"language":"en","keywords":["adidas Boost","nike free"],"periodStart":1409529600000,"periodEnd":1412035200000} >> OK - 1.112 s
2014-11-06 11:12:27,904 [qtp934740039-1525] [          ] INFO  restx.StdRestxMainRouter - << [RESTX REQUEST] GET /F2 ? inputJSON={"language":"en","keywords":["adidas Boost","nike free"],"periodStart":1409529600000,"periodEnd":1412035200000} >> OK - 2.026 s
2014-11-06 11:13:00,983 [qtp934740039-1526] [          ] INFO  restx.StdRestxMainRouter - << [RESTX REQUEST] GET /F1A ? inputJSON={"country":["US","UK"],"keywords":["adidas","nike free"],"periodStart":1409529600000,"periodEnd":1411948800000} >> OK - 370.0 ms
2014-11-06 11:13:19,760 [qtp934740039-1526] [          ] INFO  restx.StdRestxMainRouter - << [RESTX REQUEST] GET /F1A ? inputJSON={"country":["US","UK"],"keywords":["adidas","nike free"],"periodStart":1409529600000,"periodEnd":1411948800000} >> OK - 304.9 ms
2014-11-06 11:13:58,480 [qtp934740039-1525] [          ] INFO  restx.StdRestxMainRouter - << [RESTX REQUEST] GET /F1A ? inputJSON={"country":["US","UK"],"keywords":["adidas","nike free"],"periodStart":1409529600000,"periodEnd":1411948800000} >> OK - 346.9 ms
2014-11-06 11:14:13,292 [qtp934740039-1525] [          ] INFO  restx.StdRestxMainRouter - << [RESTX REQUEST] GET /F1A ? inputJSON={"country":["US","UK"],"keywords":["adidas","nike free"],"periodStart":1409529600000,"periodEnd":1411948800000} >> OK - 342.2 ms
2014-11-06 11:14:40,009 [qtp934740039-1528] [          ] INFO  restx.StdRestxMainRouter - << [RESTX REQUEST] GET /F1A ? inputJSON={"country":["US","UK"],"keywords":["adidas","nike free"],"periodStart":1409529600000,"periodEnd":1411948800000} >> OK - 353.4 ms
2014-11-06 11:15:20,399 [qtp934740039-1528] [          ] INFO  restx.StdRestxMainRouter - << [RESTX REQUEST] GET /F1A ? inputJSON={"country":["US","UK"],"keywords":["adidas","nike free"],"periodStart":1409529600000,"periodEnd":1411948800000} >> OK - 382.1 ms
2014-11-06 11:18:55,745 [qtp934740039-1532] [          ] INFO  restx.StdRestxMainRouter - << [RESTX REQUEST] GET /F1A ? inputJSON={"country":["US","UK"],"keywords":["adidas","nike free"],"periodStart":1409529600000,"periodEnd":1411948800000} >> OK - 409.5 ms
2014-11-06 11:23:56,059 [qtp934740039-1537] [          ] INFO  restx.StdRestxMainRouter - << [RESTX REQUEST] GET /F2 ? inputJSON={"language":"en","keywords":["adidas Boost","nike free"],"periodStart":1409529600000,"periodEnd":1412035200000} >> OK - 1.108 s
2014-11-06 11:24:25,251 [qtp934740039-1538] [          ] INFO  restx.StdRestxMainRouter - << [RESTX REQUEST] GET /F2 ? inputJSON={"language":"en","keywords":["adidas Boost","nike free"],"periodStart":1409529600000,"periodEnd":1412035200000} >> OK - 812.7 ms
2014-11-06 11:24:47,231 [qtp934740039-1537] [          ] INFO  restx.StdRestxMainRouter - << [RESTX REQUEST] GET /F2 ? inputJSON={"language":"en","keywords":["adidas Boost","nike free"],"periodStart":1409529600000,"periodEnd":1412035200000} >> OK - 759.4 ms
2014-11-06 11:25:43,659 [qtp934740039-1537] [          ] INFO  restx.StdRestxMainRouter - << [RESTX REQUEST] GET /F2 ? inputJSON={"language":"en","keywords":["adidas Boost","nike free"],"periodStart":1409529600000,"periodEnd":1412035200000} >> OK - 801.7 ms
2014-11-06 11:26:07,022 [qtp934740039-1537] [          ] INFO  restx.StdRestxMainRouter - << [RESTX REQUEST] GET /F2 ? inputJSON={"language":"en","keywords":["adidas Boost","nike free"],"periodStart":1409529600000,"periodEnd":1412035200000} >> OK - 777.8 ms
2014-11-06 11:26:40,728 [qtp934740039-1541] [          ] INFO  restx.StdRestxMainRouter - << [RESTX REQUEST] GET /F2 ? inputJSON={"language":"en","keywords":["adidas Boost","nike free"],"periodStart":1409529600000,"periodEnd":1412035200000} >> OK - 797.8 ms
2014-11-06 11:26:57,143 [qtp934740039-1542] [          ] INFO  restx.StdRestxMainRouter - << [RESTX REQUEST] GET /F2 ? inputJSON={"language":"en","keywords":["adidas Boost","nike free"],"periodStart":1409529600000,"periodEnd":1412035200000} >> OK - 756.2 ms
2014-11-06 11:27:52,801 [qtp934740039-1541] [          ] INFO  restx.StdRestxMainRouter - << [RESTX REQUEST] GET /F1 ? inputJSON={"shopName":["www.wiggle.com","www.holabirdsports.com"],"keywords":["adidas","nike free"],"periodStart":1409529600000,"periodEnd":1416268800000} >> OK - 22.18 s
2014-11-06 11:27:52,995 [qtp934740039-1543] [          ] INFO  restx.StdRestxMainRouter - << [RESTX REQUEST] GET /F1 ? inputJSON={"shopName":["www.wiggle.com","www.holabirdsports.com"],"keywords":["adidas","nike free"],"periodStart":1409529600000,"periodEnd":1410998400000} >> OK - 15.20 s
2014-11-06 13:32:52,244 [qtp934740039-1666] [          ] INFO  restx.StdRestxMainRouter - << [RESTX REQUEST] GET /F1A ? inputJSON={"country":["US","UK"],"keywords":["adidas","nike free"],"periodStart":1409529600000,"periodEnd":1412035200000} >> OK - 737.2 ms
2014-11-06 13:41:14,531 [qtp934740039-1675] [          ] INFO  restx.StdRestxMainRouter - << [RESTX REQUEST] GET /F1 ? inputJSON={"shopName":["www.wiggle.com","www.holabirdsports.com"],"keywords":["adidas","nike free"],"periodStart":1409529600000,"periodEnd":1412035200000} >> OK - 21.03 s
2014-11-06 13:49:28,490 [qtp934740039-1684] [          ] INFO  restx.StdRestxMainRouter - << [RESTX REQUEST] GET /F2 ? inputJSON={"language":"en","keywords":["adidas boost","nike free"],"periodStart":1409529600000,"periodEnd":1412035200000} >> OK - 1.076 s
2014-11-06 13:49:50,523 [qtp934740039-1685] [          ] INFO  restx.StdRestxMainRouter - << [RESTX REQUEST] GET /F2 ? inputJSON={"language":"en","keywords":["adidas Boost","nike free"],"periodStart":1409529600000,"periodEnd":1412035200000} >> OK - 780.6 ms
2014-11-06 14:03:29,008 [qtp934740039-1699] [admin     ] INFO  restx.StdRestxMainRouter - << [RESTX REQUEST] GET /F1 ? inputJSON={"shopName":["www.wiggle.com"],"keywords":["nike free","adidas"],"periodStart":1410393600000,"periodEnd":1412121600000} >> OK - 11.02 s
