2014-11-19 17:12:07,379 [qtp1793799654-23] [admin     ] ERROR restx.StdRestxMainRouter - request raised JSONException: JSONObject["shopName"] not found.
org.json.JSONException: JSONObject["shopName"] not found.
	at org.json.JSONObject.get(JSONObject.java:473) ~[json-20140107.jar:na]
	at org.json.JSONObject.getJSONArray(JSONObject.java:555) ~[json-20140107.jar:na]
	at leadsm24.rest.LEADSM24Resource.functionality1(LEADSM24Resource.java:51) ~[classes/:na]
	at leadsm24.rest.LEADSM24ResourceRouter$1.doRoute(LEADSM24ResourceRouter.java:47) ~[na:na]
	at leadsm24.rest.LEADSM24ResourceRouter$1.doRoute(LEADSM24ResourceRouter.java:43) ~[na:na]
	at restx.entity.StdEntityRoute.handle(StdEntityRoute.java:139) ~[restx-core-0.33.1.jar:na]
	at restx.RestxHandlerMatch.handle(RestxHandlerMatch.java:56) ~[restx-core-0.33.1.jar:na]
	at restx.ResponseCloserFilter.handle(ResponseCloserFilter.java:28) ~[restx-core-0.33.1.jar:na]
	at restx.RestxHandlerMatch.handle(RestxHandlerMatch.java:56) ~[restx-core-0.33.1.jar:na]
	at restx.CacheFilter$1.handle(CacheFilter.java:51) ~[restx-core-0.33.1.jar:na]
	at restx.RestxHandlerMatch.handle(RestxHandlerMatch.java:56) ~[restx-core-0.33.1.jar:na]
	at restx.security.RestxSessionLogFilter.handle(RestxSessionLogFilter.java:43) ~[restx-core-0.33.1.jar:na]
	at restx.RestxHandlerMatch.handle(RestxHandlerMatch.java:56) ~[restx-core-0.33.1.jar:na]
	at restx.security.RestxSessionCookieFilter.handle(RestxSessionCookieFilter.java:99) ~[restx-core-0.33.1.jar:na]
	at restx.RestxHandlerMatch.handle(RestxHandlerMatch.java:56) ~[restx-core-0.33.1.jar:na]
	at restx.stats.RestxStatsCollectionFilter.handle(RestxStatsCollectionFilter.java:39) ~[restx-stats-admin-0.33.1.jar:na]
	at restx.RestxHandlerMatch.handle(RestxHandlerMatch.java:56) ~[restx-core-0.33.1.jar:na]
	at restx.StdRestxMainRouter.route(StdRestxMainRouter.java:152) ~[restx-core-0.33.1.jar:na]
	at restx.RestxMainRouterFactory$PerRequestFactoryLoader.route(RestxMainRouterFactory.java:217) [restx-core-0.33.1.jar:na]
	at restx.RestxMainRouterFactory$RecordingMainRouter.route(RestxMainRouterFactory.java:174) [restx-core-0.33.1.jar:na]
	at restx.RestxMainRouterFactory$CompilationManagerRouter.route(RestxMainRouterFactory.java:326) [restx-core-0.33.1.jar:na]
	at restx.servlet.AbstractRestxMainRouterServlet.service(AbstractRestxMainRouterServlet.java:48) [restx-servlet-0.33.1.jar:na]
	at javax.servlet.http.HttpServlet.service(HttpServlet.java:770) [javax.servlet-api-3.0.1.jar:3.0.1]
	at org.eclipse.jetty.servlet.ServletHolder.handle(ServletHolder.java:669) [jetty-servlet-8.1.8.v20121106.jar:8.1.8.v20121106]
	at org.eclipse.jetty.servlet.ServletHandler.doHandle(ServletHandler.java:455) [jetty-servlet-8.1.8.v20121106.jar:8.1.8.v20121106]
	at org.eclipse.jetty.server.handler.ScopedHandler.handle(ScopedHandler.java:137) [jetty-server-8.1.8.v20121106.jar:8.1.8.v20121106]
	at org.eclipse.jetty.security.SecurityHandler.handle(SecurityHandler.java:536) [jetty-security-8.1.8.v20121106.jar:8.1.8.v20121106]
	at org.eclipse.jetty.server.session.SessionHandler.doHandle(SessionHandler.java:231) [jetty-server-8.1.8.v20121106.jar:8.1.8.v20121106]
	at org.eclipse.jetty.server.handler.ContextHandler.doHandle(ContextHandler.java:1072) [jetty-server-8.1.8.v20121106.jar:8.1.8.v20121106]
	at org.eclipse.jetty.servlet.ServletHandler.doScope(ServletHandler.java:382) [jetty-servlet-8.1.8.v20121106.jar:8.1.8.v20121106]
	at org.eclipse.jetty.server.session.SessionHandler.doScope(SessionHandler.java:193) [jetty-server-8.1.8.v20121106.jar:8.1.8.v20121106]
	at org.eclipse.jetty.server.handler.ContextHandler.doScope(ContextHandler.java:1006) [jetty-server-8.1.8.v20121106.jar:8.1.8.v20121106]
	at org.eclipse.jetty.server.handler.ScopedHandler.handle(ScopedHandler.java:135) [jetty-server-8.1.8.v20121106.jar:8.1.8.v20121106]
	at org.eclipse.jetty.server.handler.HandlerList.handle(HandlerList.java:52) [jetty-server-8.1.8.v20121106.jar:8.1.8.v20121106]
	at org.eclipse.jetty.server.handler.HandlerCollection.handle(HandlerCollection.java:154) [jetty-server-8.1.8.v20121106.jar:8.1.8.v20121106]
	at org.eclipse.jetty.server.handler.HandlerWrapper.handle(HandlerWrapper.java:116) [jetty-server-8.1.8.v20121106.jar:8.1.8.v20121106]
	at org.eclipse.jetty.server.Server.handle(Server.java:365) [jetty-server-8.1.8.v20121106.jar:8.1.8.v20121106]
	at org.eclipse.jetty.server.AbstractHttpConnection.handleRequest(AbstractHttpConnection.java:485) [jetty-server-8.1.8.v20121106.jar:8.1.8.v20121106]
	at org.eclipse.jetty.server.AbstractHttpConnection.headerComplete(AbstractHttpConnection.java:926) [jetty-server-8.1.8.v20121106.jar:8.1.8.v20121106]
	at org.eclipse.jetty.server.AbstractHttpConnection$RequestHandler.headerComplete(AbstractHttpConnection.java:988) [jetty-server-8.1.8.v20121106.jar:8.1.8.v20121106]
	at org.eclipse.jetty.http.HttpParser.parseNext(HttpParser.java:635) [jetty-http-8.1.8.v20121106.jar:8.1.8.v20121106]
	at org.eclipse.jetty.http.HttpParser.parseAvailable(HttpParser.java:235) [jetty-http-8.1.8.v20121106.jar:8.1.8.v20121106]
	at org.eclipse.jetty.server.AsyncHttpConnection.handle(AsyncHttpConnection.java:82) [jetty-server-8.1.8.v20121106.jar:8.1.8.v20121106]
	at org.eclipse.jetty.io.nio.SelectChannelEndPoint.handle(SelectChannelEndPoint.java:628) [jetty-io-8.1.8.v20121106.jar:8.1.8.v20121106]
	at org.eclipse.jetty.io.nio.SelectChannelEndPoint$1.run(SelectChannelEndPoint.java:52) [jetty-io-8.1.8.v20121106.jar:8.1.8.v20121106]
	at org.eclipse.jetty.util.thread.QueuedThreadPool.runJob(QueuedThreadPool.java:608) [jetty-util-8.1.8.v20121106.jar:8.1.8.v20121106]
	at org.eclipse.jetty.util.thread.QueuedThreadPool$3.run(QueuedThreadPool.java:543) [jetty-util-8.1.8.v20121106.jar:8.1.8.v20121106]
	at java.lang.Thread.run(Thread.java:745) [na:1.8.0_20]
2014-11-19 17:12:55,690 [qtp1793799654-21] [admin     ] ERROR restx.StdRestxMainRouter - request raised IncompatibleClassChangeError: Found interface eu.leads.api.m24.FunctionalityAbst, but class was expected
java.lang.IncompatibleClassChangeError: Found interface eu.leads.api.m24.FunctionalityAbst, but class was expected
	at leadsm24.rest.LEADSM24Resource.functionality1(LEADSM24Resource.java:64) ~[classes/:na]
	at leadsm24.rest.LEADSM24ResourceRouter$1.doRoute(LEADSM24ResourceRouter.java:47) ~[na:na]
	at leadsm24.rest.LEADSM24ResourceRouter$1.doRoute(LEADSM24ResourceRouter.java:43) ~[na:na]
	at restx.entity.StdEntityRoute.handle(StdEntityRoute.java:139) ~[restx-core-0.33.1.jar:na]
	at restx.RestxHandlerMatch.handle(RestxHandlerMatch.java:56) ~[restx-core-0.33.1.jar:na]
	at restx.ResponseCloserFilter.handle(ResponseCloserFilter.java:28) ~[restx-core-0.33.1.jar:na]
	at restx.RestxHandlerMatch.handle(RestxHandlerMatch.java:56) ~[restx-core-0.33.1.jar:na]
	at restx.CacheFilter$1.handle(CacheFilter.java:51) ~[restx-core-0.33.1.jar:na]
	at restx.RestxHandlerMatch.handle(RestxHandlerMatch.java:56) ~[restx-core-0.33.1.jar:na]
	at restx.security.RestxSessionLogFilter.handle(RestxSessionLogFilter.java:43) ~[restx-core-0.33.1.jar:na]
	at restx.RestxHandlerMatch.handle(RestxHandlerMatch.java:56) ~[restx-core-0.33.1.jar:na]
	at restx.security.RestxSessionCookieFilter.handle(RestxSessionCookieFilter.java:99) ~[restx-core-0.33.1.jar:na]
	at restx.RestxHandlerMatch.handle(RestxHandlerMatch.java:56) ~[restx-core-0.33.1.jar:na]
	at restx.stats.RestxStatsCollectionFilter.handle(RestxStatsCollectionFilter.java:39) ~[restx-stats-admin-0.33.1.jar:na]
	at restx.RestxHandlerMatch.handle(RestxHandlerMatch.java:56) ~[restx-core-0.33.1.jar:na]
	at restx.StdRestxMainRouter.route(StdRestxMainRouter.java:152) ~[restx-core-0.33.1.jar:na]
	at restx.RestxMainRouterFactory$PerRequestFactoryLoader.route(RestxMainRouterFactory.java:217) [restx-core-0.33.1.jar:na]
	at restx.RestxMainRouterFactory$RecordingMainRouter.route(RestxMainRouterFactory.java:174) [restx-core-0.33.1.jar:na]
	at restx.RestxMainRouterFactory$CompilationManagerRouter.route(RestxMainRouterFactory.java:326) [restx-core-0.33.1.jar:na]
	at restx.servlet.AbstractRestxMainRouterServlet.service(AbstractRestxMainRouterServlet.java:48) [restx-servlet-0.33.1.jar:na]
	at javax.servlet.http.HttpServlet.service(HttpServlet.java:770) [javax.servlet-api-3.0.1.jar:3.0.1]
	at org.eclipse.jetty.servlet.ServletHolder.handle(ServletHolder.java:669) [jetty-servlet-8.1.8.v20121106.jar:8.1.8.v20121106]
	at org.eclipse.jetty.servlet.ServletHandler.doHandle(ServletHandler.java:455) [jetty-servlet-8.1.8.v20121106.jar:8.1.8.v20121106]
	at org.eclipse.jetty.server.handler.ScopedHandler.handle(ScopedHandler.java:137) [jetty-server-8.1.8.v20121106.jar:8.1.8.v20121106]
	at org.eclipse.jetty.security.SecurityHandler.handle(SecurityHandler.java:536) [jetty-security-8.1.8.v20121106.jar:8.1.8.v20121106]
	at org.eclipse.jetty.server.session.SessionHandler.doHandle(SessionHandler.java:231) [jetty-server-8.1.8.v20121106.jar:8.1.8.v20121106]
	at org.eclipse.jetty.server.handler.ContextHandler.doHandle(ContextHandler.java:1072) [jetty-server-8.1.8.v20121106.jar:8.1.8.v20121106]
	at org.eclipse.jetty.servlet.ServletHandler.doScope(ServletHandler.java:382) [jetty-servlet-8.1.8.v20121106.jar:8.1.8.v20121106]
	at org.eclipse.jetty.server.session.SessionHandler.doScope(SessionHandler.java:193) [jetty-server-8.1.8.v20121106.jar:8.1.8.v20121106]
	at org.eclipse.jetty.server.handler.ContextHandler.doScope(ContextHandler.java:1006) [jetty-server-8.1.8.v20121106.jar:8.1.8.v20121106]
	at org.eclipse.jetty.server.handler.ScopedHandler.handle(ScopedHandler.java:135) [jetty-server-8.1.8.v20121106.jar:8.1.8.v20121106]
	at org.eclipse.jetty.server.handler.HandlerList.handle(HandlerList.java:52) [jetty-server-8.1.8.v20121106.jar:8.1.8.v20121106]
	at org.eclipse.jetty.server.handler.HandlerCollection.handle(HandlerCollection.java:154) [jetty-server-8.1.8.v20121106.jar:8.1.8.v20121106]
	at org.eclipse.jetty.server.handler.HandlerWrapper.handle(HandlerWrapper.java:116) [jetty-server-8.1.8.v20121106.jar:8.1.8.v20121106]
	at org.eclipse.jetty.server.Server.handle(Server.java:365) [jetty-server-8.1.8.v20121106.jar:8.1.8.v20121106]
	at org.eclipse.jetty.server.AbstractHttpConnection.handleRequest(AbstractHttpConnection.java:485) [jetty-server-8.1.8.v20121106.jar:8.1.8.v20121106]
	at org.eclipse.jetty.server.AbstractHttpConnection.headerComplete(AbstractHttpConnection.java:926) [jetty-server-8.1.8.v20121106.jar:8.1.8.v20121106]
	at org.eclipse.jetty.server.AbstractHttpConnection$RequestHandler.headerComplete(AbstractHttpConnection.java:988) [jetty-server-8.1.8.v20121106.jar:8.1.8.v20121106]
	at org.eclipse.jetty.http.HttpParser.parseNext(HttpParser.java:635) [jetty-http-8.1.8.v20121106.jar:8.1.8.v20121106]
	at org.eclipse.jetty.http.HttpParser.parseAvailable(HttpParser.java:235) [jetty-http-8.1.8.v20121106.jar:8.1.8.v20121106]
	at org.eclipse.jetty.server.AsyncHttpConnection.handle(AsyncHttpConnection.java:82) [jetty-server-8.1.8.v20121106.jar:8.1.8.v20121106]
	at org.eclipse.jetty.io.nio.SelectChannelEndPoint.handle(SelectChannelEndPoint.java:628) [jetty-io-8.1.8.v20121106.jar:8.1.8.v20121106]
	at org.eclipse.jetty.io.nio.SelectChannelEndPoint$1.run(SelectChannelEndPoint.java:52) [jetty-io-8.1.8.v20121106.jar:8.1.8.v20121106]
	at org.eclipse.jetty.util.thread.QueuedThreadPool.runJob(QueuedThreadPool.java:608) [jetty-util-8.1.8.v20121106.jar:8.1.8.v20121106]
	at org.eclipse.jetty.util.thread.QueuedThreadPool$3.run(QueuedThreadPool.java:543) [jetty-util-8.1.8.v20121106.jar:8.1.8.v20121106]
	at java.lang.Thread.run(Thread.java:745) [na:1.8.0_20]
2014-11-19 17:18:23,985 [qtp1793799654-22] [admin     ] ERROR restx.StdRestxMainRouter - request raised IncompatibleClassChangeError: Class eu.leads.api.m24.func.Functionality1 does not implement the requested interface eu.leads.api.m24.FunctionalityAbst
java.lang.IncompatibleClassChangeError: Class eu.leads.api.m24.func.Functionality1 does not implement the requested interface eu.leads.api.m24.FunctionalityAbst
	at leadsm24.rest.LEADSM24Resource.functionality1(LEADSM24Resource.java:64) ~[classes/:na]
	at leadsm24.rest.LEADSM24ResourceRouter$1.doRoute(LEADSM24ResourceRouter.java:47) ~[na:na]
	at leadsm24.rest.LEADSM24ResourceRouter$1.doRoute(LEADSM24ResourceRouter.java:43) ~[na:na]
	at restx.entity.StdEntityRoute.handle(StdEntityRoute.java:139) ~[restx-core-0.33.1.jar:na]
	at restx.RestxHandlerMatch.handle(RestxHandlerMatch.java:56) ~[restx-core-0.33.1.jar:na]
	at restx.ResponseCloserFilter.handle(ResponseCloserFilter.java:28) ~[restx-core-0.33.1.jar:na]
	at restx.RestxHandlerMatch.handle(RestxHandlerMatch.java:56) ~[restx-core-0.33.1.jar:na]
	at restx.CacheFilter$1.handle(CacheFilter.java:51) ~[restx-core-0.33.1.jar:na]
	at restx.RestxHandlerMatch.handle(RestxHandlerMatch.java:56) ~[restx-core-0.33.1.jar:na]
	at restx.security.RestxSessionLogFilter.handle(RestxSessionLogFilter.java:43) ~[restx-core-0.33.1.jar:na]
	at restx.RestxHandlerMatch.handle(RestxHandlerMatch.java:56) ~[restx-core-0.33.1.jar:na]
	at restx.security.RestxSessionCookieFilter.handle(RestxSessionCookieFilter.java:99) ~[restx-core-0.33.1.jar:na]
	at restx.RestxHandlerMatch.handle(RestxHandlerMatch.java:56) ~[restx-core-0.33.1.jar:na]
	at restx.stats.RestxStatsCollectionFilter.handle(RestxStatsCollectionFilter.java:39) ~[restx-stats-admin-0.33.1.jar:na]
	at restx.RestxHandlerMatch.handle(RestxHandlerMatch.java:56) ~[restx-core-0.33.1.jar:na]
	at restx.StdRestxMainRouter.route(StdRestxMainRouter.java:152) ~[restx-core-0.33.1.jar:na]
	at restx.RestxMainRouterFactory$PerRequestFactoryLoader.route(RestxMainRouterFactory.java:217) [restx-core-0.33.1.jar:na]
	at restx.RestxMainRouterFactory$RecordingMainRouter.route(RestxMainRouterFactory.java:174) [restx-core-0.33.1.jar:na]
	at restx.RestxMainRouterFactory$CompilationManagerRouter.route(RestxMainRouterFactory.java:326) [restx-core-0.33.1.jar:na]
	at restx.servlet.AbstractRestxMainRouterServlet.service(AbstractRestxMainRouterServlet.java:48) [restx-servlet-0.33.1.jar:na]
	at javax.servlet.http.HttpServlet.service(HttpServlet.java:770) [javax.servlet-api-3.0.1.jar:3.0.1]
	at org.eclipse.jetty.servlet.ServletHolder.handle(ServletHolder.java:669) [jetty-servlet-8.1.8.v20121106.jar:8.1.8.v20121106]
	at org.eclipse.jetty.servlet.ServletHandler.doHandle(ServletHandler.java:455) [jetty-servlet-8.1.8.v20121106.jar:8.1.8.v20121106]
	at org.eclipse.jetty.server.handler.ScopedHandler.handle(ScopedHandler.java:137) [jetty-server-8.1.8.v20121106.jar:8.1.8.v20121106]
	at org.eclipse.jetty.security.SecurityHandler.handle(SecurityHandler.java:536) [jetty-security-8.1.8.v20121106.jar:8.1.8.v20121106]
	at org.eclipse.jetty.server.session.SessionHandler.doHandle(SessionHandler.java:231) [jetty-server-8.1.8.v20121106.jar:8.1.8.v20121106]
	at org.eclipse.jetty.server.handler.ContextHandler.doHandle(ContextHandler.java:1072) [jetty-server-8.1.8.v20121106.jar:8.1.8.v20121106]
	at org.eclipse.jetty.servlet.ServletHandler.doScope(ServletHandler.java:382) [jetty-servlet-8.1.8.v20121106.jar:8.1.8.v20121106]
	at org.eclipse.jetty.server.session.SessionHandler.doScope(SessionHandler.java:193) [jetty-server-8.1.8.v20121106.jar:8.1.8.v20121106]
	at org.eclipse.jetty.server.handler.ContextHandler.doScope(ContextHandler.java:1006) [jetty-server-8.1.8.v20121106.jar:8.1.8.v20121106]
	at org.eclipse.jetty.server.handler.ScopedHandler.handle(ScopedHandler.java:135) [jetty-server-8.1.8.v20121106.jar:8.1.8.v20121106]
	at org.eclipse.jetty.server.handler.HandlerList.handle(HandlerList.java:52) [jetty-server-8.1.8.v20121106.jar:8.1.8.v20121106]
	at org.eclipse.jetty.server.handler.HandlerCollection.handle(HandlerCollection.java:154) [jetty-server-8.1.8.v20121106.jar:8.1.8.v20121106]
	at org.eclipse.jetty.server.handler.HandlerWrapper.handle(HandlerWrapper.java:116) [jetty-server-8.1.8.v20121106.jar:8.1.8.v20121106]
	at org.eclipse.jetty.server.Server.handle(Server.java:365) [jetty-server-8.1.8.v20121106.jar:8.1.8.v20121106]
	at org.eclipse.jetty.server.AbstractHttpConnection.handleRequest(AbstractHttpConnection.java:485) [jetty-server-8.1.8.v20121106.jar:8.1.8.v20121106]
	at org.eclipse.jetty.server.AbstractHttpConnection.headerComplete(AbstractHttpConnection.java:926) [jetty-server-8.1.8.v20121106.jar:8.1.8.v20121106]
	at org.eclipse.jetty.server.AbstractHttpConnection$RequestHandler.headerComplete(AbstractHttpConnection.java:988) [jetty-server-8.1.8.v20121106.jar:8.1.8.v20121106]
	at org.eclipse.jetty.http.HttpParser.parseNext(HttpParser.java:635) [jetty-http-8.1.8.v20121106.jar:8.1.8.v20121106]
	at org.eclipse.jetty.http.HttpParser.parseAvailable(HttpParser.java:235) [jetty-http-8.1.8.v20121106.jar:8.1.8.v20121106]
	at org.eclipse.jetty.server.AsyncHttpConnection.handle(AsyncHttpConnection.java:82) [jetty-server-8.1.8.v20121106.jar:8.1.8.v20121106]
	at org.eclipse.jetty.io.nio.SelectChannelEndPoint.handle(SelectChannelEndPoint.java:628) [jetty-io-8.1.8.v20121106.jar:8.1.8.v20121106]
	at org.eclipse.jetty.io.nio.SelectChannelEndPoint$1.run(SelectChannelEndPoint.java:52) [jetty-io-8.1.8.v20121106.jar:8.1.8.v20121106]
	at org.eclipse.jetty.util.thread.QueuedThreadPool.runJob(QueuedThreadPool.java:608) [jetty-util-8.1.8.v20121106.jar:8.1.8.v20121106]
	at org.eclipse.jetty.util.thread.QueuedThreadPool$3.run(QueuedThreadPool.java:543) [jetty-util-8.1.8.v20121106.jar:8.1.8.v20121106]
	at java.lang.Thread.run(Thread.java:745) [na:1.8.0_20]
2014-11-19 17:20:20,489 [qtp1020520290-21] [admin     ] ERROR restx.StdRestxMainRouter - request raised NoHostAvailableException: All host(s) tried for query failed (tried: /127.0.0.1:9042 (com.datastax.driver.core.TransportException: [/127.0.0.1:9042] Cannot connect))
com.datastax.driver.core.exceptions.NoHostAvailableException: All host(s) tried for query failed (tried: /127.0.0.1:9042 (com.datastax.driver.core.TransportException: [/127.0.0.1:9042] Cannot connect))
	at com.datastax.driver.core.ControlConnection.reconnectInternal(ControlConnection.java:196) ~[cassandra-driver-core-2.1.0.jar:na]
	at com.datastax.driver.core.ControlConnection.connect(ControlConnection.java:80) ~[cassandra-driver-core-2.1.0.jar:na]
	at com.datastax.driver.core.Cluster$Manager.init(Cluster.java:1145) ~[cassandra-driver-core-2.1.0.jar:na]
	at com.datastax.driver.core.Cluster.init(Cluster.java:149) ~[cassandra-driver-core-2.1.0.jar:na]
	at com.datastax.driver.core.Cluster.connect(Cluster.java:225) ~[cassandra-driver-core-2.1.0.jar:na]
	at eu.leads.infext.datastore.impl.CassandraCQLDataStore.<init>(CassandraCQLDataStore.java:50) ~[classes/:na]
	at eu.leads.infext.datastore.DataStoreSingleton.getDataStore(DataStoreSingleton.java:29) ~[classes/:na]
	at eu.leads.api.m24.func.Functionality1.execute(Functionality1.java:37) ~[classes/:na]
	at leadsm24.rest.LEADSM24Resource.functionality1(LEADSM24Resource.java:64) ~[classes/:na]
	at leadsm24.rest.LEADSM24ResourceRouter$1.doRoute(LEADSM24ResourceRouter.java:47) ~[classes/:na]
	at leadsm24.rest.LEADSM24ResourceRouter$1.doRoute(LEADSM24ResourceRouter.java:43) ~[classes/:na]
	at restx.entity.StdEntityRoute.handle(StdEntityRoute.java:139) ~[restx-core-0.33.1.jar:na]
	at restx.RestxHandlerMatch.handle(RestxHandlerMatch.java:56) ~[restx-core-0.33.1.jar:na]
	at restx.ResponseCloserFilter.handle(ResponseCloserFilter.java:28) ~[restx-core-0.33.1.jar:na]
	at restx.RestxHandlerMatch.handle(RestxHandlerMatch.java:56) ~[restx-core-0.33.1.jar:na]
	at restx.CacheFilter$1.handle(CacheFilter.java:51) ~[restx-core-0.33.1.jar:na]
	at restx.RestxHandlerMatch.handle(RestxHandlerMatch.java:56) ~[restx-core-0.33.1.jar:na]
	at restx.security.RestxSessionLogFilter.handle(RestxSessionLogFilter.java:43) ~[restx-core-0.33.1.jar:na]
	at restx.RestxHandlerMatch.handle(RestxHandlerMatch.java:56) ~[restx-core-0.33.1.jar:na]
	at restx.security.RestxSessionCookieFilter.handle(RestxSessionCookieFilter.java:99) ~[restx-core-0.33.1.jar:na]
	at restx.RestxHandlerMatch.handle(RestxHandlerMatch.java:56) ~[restx-core-0.33.1.jar:na]
	at restx.stats.RestxStatsCollectionFilter.handle(RestxStatsCollectionFilter.java:39) ~[restx-stats-admin-0.33.1.jar:na]
	at restx.RestxHandlerMatch.handle(RestxHandlerMatch.java:56) ~[restx-core-0.33.1.jar:na]
	at restx.StdRestxMainRouter.route(StdRestxMainRouter.java:152) ~[restx-core-0.33.1.jar:na]
	at restx.RestxMainRouterFactory$PerRequestFactoryLoader.route(RestxMainRouterFactory.java:217) [restx-core-0.33.1.jar:na]
	at restx.RestxMainRouterFactory$RecordingMainRouter.route(RestxMainRouterFactory.java:174) [restx-core-0.33.1.jar:na]
	at restx.RestxMainRouterFactory$CompilationManagerRouter.route(RestxMainRouterFactory.java:326) [restx-core-0.33.1.jar:na]
	at restx.servlet.AbstractRestxMainRouterServlet.service(AbstractRestxMainRouterServlet.java:48) [restx-servlet-0.33.1.jar:na]
	at javax.servlet.http.HttpServlet.service(HttpServlet.java:770) [javax.servlet-api-3.0.1.jar:3.0.1]
	at org.eclipse.jetty.servlet.ServletHolder.handle(ServletHolder.java:669) [jetty-servlet-8.1.8.v20121106.jar:8.1.8.v20121106]
	at org.eclipse.jetty.servlet.ServletHandler.doHandle(ServletHandler.java:455) [jetty-servlet-8.1.8.v20121106.jar:8.1.8.v20121106]
	at org.eclipse.jetty.server.handler.ScopedHandler.handle(ScopedHandler.java:137) [jetty-server-8.1.8.v20121106.jar:8.1.8.v20121106]
	at org.eclipse.jetty.security.SecurityHandler.handle(SecurityHandler.java:536) [jetty-security-8.1.8.v20121106.jar:8.1.8.v20121106]
	at org.eclipse.jetty.server.session.SessionHandler.doHandle(SessionHandler.java:231) [jetty-server-8.1.8.v20121106.jar:8.1.8.v20121106]
	at org.eclipse.jetty.server.handler.ContextHandler.doHandle(ContextHandler.java:1072) [jetty-server-8.1.8.v20121106.jar:8.1.8.v20121106]
	at org.eclipse.jetty.servlet.ServletHandler.doScope(ServletHandler.java:382) [jetty-servlet-8.1.8.v20121106.jar:8.1.8.v20121106]
	at org.eclipse.jetty.server.session.SessionHandler.doScope(SessionHandler.java:193) [jetty-server-8.1.8.v20121106.jar:8.1.8.v20121106]
	at org.eclipse.jetty.server.handler.ContextHandler.doScope(ContextHandler.java:1006) [jetty-server-8.1.8.v20121106.jar:8.1.8.v20121106]
	at org.eclipse.jetty.server.handler.ScopedHandler.handle(ScopedHandler.java:135) [jetty-server-8.1.8.v20121106.jar:8.1.8.v20121106]
	at org.eclipse.jetty.server.handler.HandlerList.handle(HandlerList.java:52) [jetty-server-8.1.8.v20121106.jar:8.1.8.v20121106]
	at org.eclipse.jetty.server.handler.HandlerCollection.handle(HandlerCollection.java:154) [jetty-server-8.1.8.v20121106.jar:8.1.8.v20121106]
	at org.eclipse.jetty.server.handler.HandlerWrapper.handle(HandlerWrapper.java:116) [jetty-server-8.1.8.v20121106.jar:8.1.8.v20121106]
	at org.eclipse.jetty.server.Server.handle(Server.java:365) [jetty-server-8.1.8.v20121106.jar:8.1.8.v20121106]
	at org.eclipse.jetty.server.AbstractHttpConnection.handleRequest(AbstractHttpConnection.java:485) [jetty-server-8.1.8.v20121106.jar:8.1.8.v20121106]
	at org.eclipse.jetty.server.AbstractHttpConnection.headerComplete(AbstractHttpConnection.java:926) [jetty-server-8.1.8.v20121106.jar:8.1.8.v20121106]
	at org.eclipse.jetty.server.AbstractHttpConnection$RequestHandler.headerComplete(AbstractHttpConnection.java:988) [jetty-server-8.1.8.v20121106.jar:8.1.8.v20121106]
	at org.eclipse.jetty.http.HttpParser.parseNext(HttpParser.java:635) [jetty-http-8.1.8.v20121106.jar:8.1.8.v20121106]
	at org.eclipse.jetty.http.HttpParser.parseAvailable(HttpParser.java:235) [jetty-http-8.1.8.v20121106.jar:8.1.8.v20121106]
	at org.eclipse.jetty.server.AsyncHttpConnection.handle(AsyncHttpConnection.java:82) [jetty-server-8.1.8.v20121106.jar:8.1.8.v20121106]
	at org.eclipse.jetty.io.nio.SelectChannelEndPoint.handle(SelectChannelEndPoint.java:628) [jetty-io-8.1.8.v20121106.jar:8.1.8.v20121106]
	at org.eclipse.jetty.io.nio.SelectChannelEndPoint$1.run(SelectChannelEndPoint.java:52) [jetty-io-8.1.8.v20121106.jar:8.1.8.v20121106]
	at org.eclipse.jetty.util.thread.QueuedThreadPool.runJob(QueuedThreadPool.java:608) [jetty-util-8.1.8.v20121106.jar:8.1.8.v20121106]
	at org.eclipse.jetty.util.thread.QueuedThreadPool$3.run(QueuedThreadPool.java:543) [jetty-util-8.1.8.v20121106.jar:8.1.8.v20121106]
	at java.lang.Thread.run(Thread.java:745) [na:1.8.0_20]
2014-11-19 17:23:56,283 [qtp1020520290-38] [admin     ] ERROR restx.StdRestxMainRouter - request raised NoHostAvailableException: All host(s) tried for query failed (tried: /127.0.0.1:9042 (com.datastax.driver.core.exceptions.DriverException: Timeout during read))
com.datastax.driver.core.exceptions.NoHostAvailableException: All host(s) tried for query failed (tried: /127.0.0.1:9042 (com.datastax.driver.core.exceptions.DriverException: Timeout during read))
	at com.datastax.driver.core.exceptions.NoHostAvailableException.copy(NoHostAvailableException.java:65) ~[cassandra-driver-core-2.1.0.jar:na]
	at com.datastax.driver.core.DefaultResultSetFuture.extractCauseFromExecutionException(DefaultResultSetFuture.java:258) ~[cassandra-driver-core-2.1.0.jar:na]
	at com.datastax.driver.core.DefaultResultSetFuture.getUninterruptibly(DefaultResultSetFuture.java:174) ~[cassandra-driver-core-2.1.0.jar:na]
	at com.datastax.driver.core.AbstractSession.execute(AbstractSession.java:52) ~[cassandra-driver-core-2.1.0.jar:na]
	at com.datastax.driver.core.AbstractSession.execute(AbstractSession.java:36) ~[cassandra-driver-core-2.1.0.jar:na]
	at eu.leads.api.m24.func.Functionality1.execute(Functionality1.java:54) ~[classes/:na]
	at leadsm24.rest.LEADSM24Resource.functionality1(LEADSM24Resource.java:64) ~[classes/:na]
	at leadsm24.rest.LEADSM24ResourceRouter$1.doRoute(LEADSM24ResourceRouter.java:47) ~[classes/:na]
	at leadsm24.rest.LEADSM24ResourceRouter$1.doRoute(LEADSM24ResourceRouter.java:43) ~[classes/:na]
	at restx.entity.StdEntityRoute.handle(StdEntityRoute.java:139) ~[restx-core-0.33.1.jar:na]
	at restx.RestxHandlerMatch.handle(RestxHandlerMatch.java:56) ~[restx-core-0.33.1.jar:na]
	at restx.ResponseCloserFilter.handle(ResponseCloserFilter.java:28) ~[restx-core-0.33.1.jar:na]
	at restx.RestxHandlerMatch.handle(RestxHandlerMatch.java:56) ~[restx-core-0.33.1.jar:na]
	at restx.CacheFilter$1.handle(CacheFilter.java:51) ~[restx-core-0.33.1.jar:na]
	at restx.RestxHandlerMatch.handle(RestxHandlerMatch.java:56) ~[restx-core-0.33.1.jar:na]
	at restx.security.RestxSessionLogFilter.handle(RestxSessionLogFilter.java:43) ~[restx-core-0.33.1.jar:na]
	at restx.RestxHandlerMatch.handle(RestxHandlerMatch.java:56) ~[restx-core-0.33.1.jar:na]
	at restx.security.RestxSessionCookieFilter.handle(RestxSessionCookieFilter.java:99) ~[restx-core-0.33.1.jar:na]
	at restx.RestxHandlerMatch.handle(RestxHandlerMatch.java:56) ~[restx-core-0.33.1.jar:na]
	at restx.stats.RestxStatsCollectionFilter.handle(RestxStatsCollectionFilter.java:39) ~[restx-stats-admin-0.33.1.jar:na]
	at restx.RestxHandlerMatch.handle(RestxHandlerMatch.java:56) ~[restx-core-0.33.1.jar:na]
	at restx.StdRestxMainRouter.route(StdRestxMainRouter.java:152) ~[restx-core-0.33.1.jar:na]
	at restx.RestxMainRouterFactory$PerRequestFactoryLoader.route(RestxMainRouterFactory.java:217) [restx-core-0.33.1.jar:na]
	at restx.RestxMainRouterFactory$RecordingMainRouter.route(RestxMainRouterFactory.java:174) [restx-core-0.33.1.jar:na]
	at restx.RestxMainRouterFactory$CompilationManagerRouter.route(RestxMainRouterFactory.java:326) [restx-core-0.33.1.jar:na]
	at restx.servlet.AbstractRestxMainRouterServlet.service(AbstractRestxMainRouterServlet.java:48) [restx-servlet-0.33.1.jar:na]
	at javax.servlet.http.HttpServlet.service(HttpServlet.java:770) [javax.servlet-api-3.0.1.jar:3.0.1]
	at org.eclipse.jetty.servlet.ServletHolder.handle(ServletHolder.java:669) [jetty-servlet-8.1.8.v20121106.jar:8.1.8.v20121106]
	at org.eclipse.jetty.servlet.ServletHandler.doHandle(ServletHandler.java:455) [jetty-servlet-8.1.8.v20121106.jar:8.1.8.v20121106]
	at org.eclipse.jetty.server.handler.ScopedHandler.handle(ScopedHandler.java:137) [jetty-server-8.1.8.v20121106.jar:8.1.8.v20121106]
	at org.eclipse.jetty.security.SecurityHandler.handle(SecurityHandler.java:536) [jetty-security-8.1.8.v20121106.jar:8.1.8.v20121106]
	at org.eclipse.jetty.server.session.SessionHandler.doHandle(SessionHandler.java:231) [jetty-server-8.1.8.v20121106.jar:8.1.8.v20121106]
	at org.eclipse.jetty.server.handler.ContextHandler.doHandle(ContextHandler.java:1072) [jetty-server-8.1.8.v20121106.jar:8.1.8.v20121106]
	at org.eclipse.jetty.servlet.ServletHandler.doScope(ServletHandler.java:382) [jetty-servlet-8.1.8.v20121106.jar:8.1.8.v20121106]
	at org.eclipse.jetty.server.session.SessionHandler.doScope(SessionHandler.java:193) [jetty-server-8.1.8.v20121106.jar:8.1.8.v20121106]
	at org.eclipse.jetty.server.handler.ContextHandler.doScope(ContextHandler.java:1006) [jetty-server-8.1.8.v20121106.jar:8.1.8.v20121106]
	at org.eclipse.jetty.server.handler.ScopedHandler.handle(ScopedHandler.java:135) [jetty-server-8.1.8.v20121106.jar:8.1.8.v20121106]
	at org.eclipse.jetty.server.handler.HandlerList.handle(HandlerList.java:52) [jetty-server-8.1.8.v20121106.jar:8.1.8.v20121106]
	at org.eclipse.jetty.server.handler.HandlerCollection.handle(HandlerCollection.java:154) [jetty-server-8.1.8.v20121106.jar:8.1.8.v20121106]
	at org.eclipse.jetty.server.handler.HandlerWrapper.handle(HandlerWrapper.java:116) [jetty-server-8.1.8.v20121106.jar:8.1.8.v20121106]
	at org.eclipse.jetty.server.Server.handle(Server.java:365) [jetty-server-8.1.8.v20121106.jar:8.1.8.v20121106]
	at org.eclipse.jetty.server.AbstractHttpConnection.handleRequest(AbstractHttpConnection.java:485) [jetty-server-8.1.8.v20121106.jar:8.1.8.v20121106]
	at org.eclipse.jetty.server.AbstractHttpConnection.headerComplete(AbstractHttpConnection.java:926) [jetty-server-8.1.8.v20121106.jar:8.1.8.v20121106]
	at org.eclipse.jetty.server.AbstractHttpConnection$RequestHandler.headerComplete(AbstractHttpConnection.java:988) [jetty-server-8.1.8.v20121106.jar:8.1.8.v20121106]
	at org.eclipse.jetty.http.HttpParser.parseNext(HttpParser.java:635) [jetty-http-8.1.8.v20121106.jar:8.1.8.v20121106]
	at org.eclipse.jetty.http.HttpParser.parseAvailable(HttpParser.java:235) [jetty-http-8.1.8.v20121106.jar:8.1.8.v20121106]
	at org.eclipse.jetty.server.AsyncHttpConnection.handle(AsyncHttpConnection.java:82) [jetty-server-8.1.8.v20121106.jar:8.1.8.v20121106]
	at org.eclipse.jetty.io.nio.SelectChannelEndPoint.handle(SelectChannelEndPoint.java:628) [jetty-io-8.1.8.v20121106.jar:8.1.8.v20121106]
	at org.eclipse.jetty.io.nio.SelectChannelEndPoint$1.run(SelectChannelEndPoint.java:52) [jetty-io-8.1.8.v20121106.jar:8.1.8.v20121106]
	at org.eclipse.jetty.util.thread.QueuedThreadPool.runJob(QueuedThreadPool.java:608) [jetty-util-8.1.8.v20121106.jar:8.1.8.v20121106]
	at org.eclipse.jetty.util.thread.QueuedThreadPool$3.run(QueuedThreadPool.java:543) [jetty-util-8.1.8.v20121106.jar:8.1.8.v20121106]
	at java.lang.Thread.run(Thread.java:745) [na:1.8.0_20]
Caused by: com.datastax.driver.core.exceptions.NoHostAvailableException: All host(s) tried for query failed (tried: /127.0.0.1:9042 (com.datastax.driver.core.exceptions.DriverException: Timeout during read))
	at com.datastax.driver.core.RequestHandler.sendRequest(RequestHandler.java:103) ~[cassandra-driver-core-2.1.0.jar:na]
	at com.datastax.driver.core.RequestHandler$1.run(RequestHandler.java:175) ~[cassandra-driver-core-2.1.0.jar:na]
	at java.util.concurrent.ThreadPoolExecutor.runWorker(ThreadPoolExecutor.java:1142) ~[na:1.8.0_20]
	at java.util.concurrent.ThreadPoolExecutor$Worker.run(ThreadPoolExecutor.java:617) ~[na:1.8.0_20]
	... 1 common frames omitted
2014-11-19 17:24:40,159 [qtp1020520290-37] [admin     ] ERROR restx.StdRestxMainRouter - request raised ClassCastException: eu.leads.api.m24.model.Functionality1ResultRowAgreed cannot be cast to java.lang.Comparable
java.lang.ClassCastException: eu.leads.api.m24.model.Functionality1ResultRowAgreed cannot be cast to java.lang.Comparable
	at java.util.TreeMap.compare(TreeMap.java:1290) ~[na:1.8.0_20]
	at java.util.TreeMap.put(TreeMap.java:538) ~[na:1.8.0_20]
	at java.util.TreeSet.add(TreeSet.java:255) ~[na:1.8.0_20]
	at eu.leads.api.m24.func.Functionality1.execute(Functionality1.java:137) ~[classes/:na]
	at leadsm24.rest.LEADSM24Resource.functionality1(LEADSM24Resource.java:64) ~[classes/:na]
	at leadsm24.rest.LEADSM24ResourceRouter$1.doRoute(LEADSM24ResourceRouter.java:47) ~[classes/:na]
	at leadsm24.rest.LEADSM24ResourceRouter$1.doRoute(LEADSM24ResourceRouter.java:43) ~[classes/:na]
	at restx.entity.StdEntityRoute.handle(StdEntityRoute.java:139) ~[restx-core-0.33.1.jar:na]
	at restx.RestxHandlerMatch.handle(RestxHandlerMatch.java:56) ~[restx-core-0.33.1.jar:na]
	at restx.ResponseCloserFilter.handle(ResponseCloserFilter.java:28) ~[restx-core-0.33.1.jar:na]
	at restx.RestxHandlerMatch.handle(RestxHandlerMatch.java:56) ~[restx-core-0.33.1.jar:na]
	at restx.CacheFilter$1.handle(CacheFilter.java:51) ~[restx-core-0.33.1.jar:na]
	at restx.RestxHandlerMatch.handle(RestxHandlerMatch.java:56) ~[restx-core-0.33.1.jar:na]
	at restx.security.RestxSessionLogFilter.handle(RestxSessionLogFilter.java:43) ~[restx-core-0.33.1.jar:na]
	at restx.RestxHandlerMatch.handle(RestxHandlerMatch.java:56) ~[restx-core-0.33.1.jar:na]
	at restx.security.RestxSessionCookieFilter.handle(RestxSessionCookieFilter.java:99) ~[restx-core-0.33.1.jar:na]
	at restx.RestxHandlerMatch.handle(RestxHandlerMatch.java:56) ~[restx-core-0.33.1.jar:na]
	at restx.stats.RestxStatsCollectionFilter.handle(RestxStatsCollectionFilter.java:39) ~[restx-stats-admin-0.33.1.jar:na]
	at restx.RestxHandlerMatch.handle(RestxHandlerMatch.java:56) ~[restx-core-0.33.1.jar:na]
	at restx.StdRestxMainRouter.route(StdRestxMainRouter.java:152) ~[restx-core-0.33.1.jar:na]
	at restx.RestxMainRouterFactory$PerRequestFactoryLoader.route(RestxMainRouterFactory.java:217) [restx-core-0.33.1.jar:na]
	at restx.RestxMainRouterFactory$RecordingMainRouter.route(RestxMainRouterFactory.java:174) [restx-core-0.33.1.jar:na]
	at restx.RestxMainRouterFactory$CompilationManagerRouter.route(RestxMainRouterFactory.java:326) [restx-core-0.33.1.jar:na]
	at restx.servlet.AbstractRestxMainRouterServlet.service(AbstractRestxMainRouterServlet.java:48) [restx-servlet-0.33.1.jar:na]
	at javax.servlet.http.HttpServlet.service(HttpServlet.java:770) [javax.servlet-api-3.0.1.jar:3.0.1]
	at org.eclipse.jetty.servlet.ServletHolder.handle(ServletHolder.java:669) [jetty-servlet-8.1.8.v20121106.jar:8.1.8.v20121106]
	at org.eclipse.jetty.servlet.ServletHandler.doHandle(ServletHandler.java:455) [jetty-servlet-8.1.8.v20121106.jar:8.1.8.v20121106]
	at org.eclipse.jetty.server.handler.ScopedHandler.handle(ScopedHandler.java:137) [jetty-server-8.1.8.v20121106.jar:8.1.8.v20121106]
	at org.eclipse.jetty.security.SecurityHandler.handle(SecurityHandler.java:536) [jetty-security-8.1.8.v20121106.jar:8.1.8.v20121106]
	at org.eclipse.jetty.server.session.SessionHandler.doHandle(SessionHandler.java:231) [jetty-server-8.1.8.v20121106.jar:8.1.8.v20121106]
	at org.eclipse.jetty.server.handler.ContextHandler.doHandle(ContextHandler.java:1072) [jetty-server-8.1.8.v20121106.jar:8.1.8.v20121106]
	at org.eclipse.jetty.servlet.ServletHandler.doScope(ServletHandler.java:382) [jetty-servlet-8.1.8.v20121106.jar:8.1.8.v20121106]
	at org.eclipse.jetty.server.session.SessionHandler.doScope(SessionHandler.java:193) [jetty-server-8.1.8.v20121106.jar:8.1.8.v20121106]
	at org.eclipse.jetty.server.handler.ContextHandler.doScope(ContextHandler.java:1006) [jetty-server-8.1.8.v20121106.jar:8.1.8.v20121106]
	at org.eclipse.jetty.server.handler.ScopedHandler.handle(ScopedHandler.java:135) [jetty-server-8.1.8.v20121106.jar:8.1.8.v20121106]
	at org.eclipse.jetty.server.handler.HandlerList.handle(HandlerList.java:52) [jetty-server-8.1.8.v20121106.jar:8.1.8.v20121106]
	at org.eclipse.jetty.server.handler.HandlerCollection.handle(HandlerCollection.java:154) [jetty-server-8.1.8.v20121106.jar:8.1.8.v20121106]
	at org.eclipse.jetty.server.handler.HandlerWrapper.handle(HandlerWrapper.java:116) [jetty-server-8.1.8.v20121106.jar:8.1.8.v20121106]
	at org.eclipse.jetty.server.Server.handle(Server.java:365) [jetty-server-8.1.8.v20121106.jar:8.1.8.v20121106]
	at org.eclipse.jetty.server.AbstractHttpConnection.handleRequest(AbstractHttpConnection.java:485) [jetty-server-8.1.8.v20121106.jar:8.1.8.v20121106]
	at org.eclipse.jetty.server.AbstractHttpConnection.headerComplete(AbstractHttpConnection.java:926) [jetty-server-8.1.8.v20121106.jar:8.1.8.v20121106]
	at org.eclipse.jetty.server.AbstractHttpConnection$RequestHandler.headerComplete(AbstractHttpConnection.java:988) [jetty-server-8.1.8.v20121106.jar:8.1.8.v20121106]
	at org.eclipse.jetty.http.HttpParser.parseNext(HttpParser.java:635) [jetty-http-8.1.8.v20121106.jar:8.1.8.v20121106]
	at org.eclipse.jetty.http.HttpParser.parseAvailable(HttpParser.java:235) [jetty-http-8.1.8.v20121106.jar:8.1.8.v20121106]
	at org.eclipse.jetty.server.AsyncHttpConnection.handle(AsyncHttpConnection.java:82) [jetty-server-8.1.8.v20121106.jar:8.1.8.v20121106]
	at org.eclipse.jetty.io.nio.SelectChannelEndPoint.handle(SelectChannelEndPoint.java:628) [jetty-io-8.1.8.v20121106.jar:8.1.8.v20121106]
	at org.eclipse.jetty.io.nio.SelectChannelEndPoint$1.run(SelectChannelEndPoint.java:52) [jetty-io-8.1.8.v20121106.jar:8.1.8.v20121106]
	at org.eclipse.jetty.util.thread.QueuedThreadPool.runJob(QueuedThreadPool.java:608) [jetty-util-8.1.8.v20121106.jar:8.1.8.v20121106]
	at org.eclipse.jetty.util.thread.QueuedThreadPool$3.run(QueuedThreadPool.java:543) [jetty-util-8.1.8.v20121106.jar:8.1.8.v20121106]
	at java.lang.Thread.run(Thread.java:745) [na:1.8.0_20]
2014-11-19 17:40:12,552 [qtp1020520290-69] [admin     ] ERROR restx.StdRestxMainRouter - request raised ClassCastException: eu.leads.api.m24.model.Functionality1ResultRowAgreed cannot be cast to java.lang.Comparable
java.lang.ClassCastException: eu.leads.api.m24.model.Functionality1ResultRowAgreed cannot be cast to java.lang.Comparable
	at java.util.TreeMap.compare(TreeMap.java:1290) ~[na:1.8.0_20]
	at java.util.TreeMap.put(TreeMap.java:538) ~[na:1.8.0_20]
	at java.util.TreeSet.add(TreeSet.java:255) ~[na:1.8.0_20]
	at eu.leads.api.m24.func.Functionality1.execute(Functionality1.java:137) ~[classes/:na]
	at leadsm24.rest.LEADSM24Resource.functionality1(LEADSM24Resource.java:64) ~[classes/:na]
	at leadsm24.rest.LEADSM24ResourceRouter$1.doRoute(LEADSM24ResourceRouter.java:47) ~[classes/:na]
	at leadsm24.rest.LEADSM24ResourceRouter$1.doRoute(LEADSM24ResourceRouter.java:43) ~[classes/:na]
	at restx.entity.StdEntityRoute.handle(StdEntityRoute.java:139) ~[restx-core-0.33.1.jar:na]
	at restx.RestxHandlerMatch.handle(RestxHandlerMatch.java:56) ~[restx-core-0.33.1.jar:na]
	at restx.ResponseCloserFilter.handle(ResponseCloserFilter.java:28) ~[restx-core-0.33.1.jar:na]
	at restx.RestxHandlerMatch.handle(RestxHandlerMatch.java:56) ~[restx-core-0.33.1.jar:na]
	at restx.CacheFilter$1.handle(CacheFilter.java:51) ~[restx-core-0.33.1.jar:na]
	at restx.RestxHandlerMatch.handle(RestxHandlerMatch.java:56) ~[restx-core-0.33.1.jar:na]
	at restx.security.RestxSessionLogFilter.handle(RestxSessionLogFilter.java:43) ~[restx-core-0.33.1.jar:na]
	at restx.RestxHandlerMatch.handle(RestxHandlerMatch.java:56) ~[restx-core-0.33.1.jar:na]
	at restx.security.RestxSessionCookieFilter.handle(RestxSessionCookieFilter.java:99) ~[restx-core-0.33.1.jar:na]
	at restx.RestxHandlerMatch.handle(RestxHandlerMatch.java:56) ~[restx-core-0.33.1.jar:na]
	at restx.stats.RestxStatsCollectionFilter.handle(RestxStatsCollectionFilter.java:39) ~[restx-stats-admin-0.33.1.jar:na]
	at restx.RestxHandlerMatch.handle(RestxHandlerMatch.java:56) ~[restx-core-0.33.1.jar:na]
	at restx.StdRestxMainRouter.route(StdRestxMainRouter.java:152) ~[restx-core-0.33.1.jar:na]
	at restx.RestxMainRouterFactory$PerRequestFactoryLoader.route(RestxMainRouterFactory.java:217) [restx-core-0.33.1.jar:na]
	at restx.RestxMainRouterFactory$RecordingMainRouter.route(RestxMainRouterFactory.java:174) [restx-core-0.33.1.jar:na]
	at restx.RestxMainRouterFactory$CompilationManagerRouter.route(RestxMainRouterFactory.java:326) [restx-core-0.33.1.jar:na]
	at restx.servlet.AbstractRestxMainRouterServlet.service(AbstractRestxMainRouterServlet.java:48) [restx-servlet-0.33.1.jar:na]
	at javax.servlet.http.HttpServlet.service(HttpServlet.java:770) [javax.servlet-api-3.0.1.jar:3.0.1]
	at org.eclipse.jetty.servlet.ServletHolder.handle(ServletHolder.java:669) [jetty-servlet-8.1.8.v20121106.jar:8.1.8.v20121106]
	at org.eclipse.jetty.servlet.ServletHandler.doHandle(ServletHandler.java:455) [jetty-servlet-8.1.8.v20121106.jar:8.1.8.v20121106]
	at org.eclipse.jetty.server.handler.ScopedHandler.handle(ScopedHandler.java:137) [jetty-server-8.1.8.v20121106.jar:8.1.8.v20121106]
	at org.eclipse.jetty.security.SecurityHandler.handle(SecurityHandler.java:536) [jetty-security-8.1.8.v20121106.jar:8.1.8.v20121106]
	at org.eclipse.jetty.server.session.SessionHandler.doHandle(SessionHandler.java:231) [jetty-server-8.1.8.v20121106.jar:8.1.8.v20121106]
	at org.eclipse.jetty.server.handler.ContextHandler.doHandle(ContextHandler.java:1072) [jetty-server-8.1.8.v20121106.jar:8.1.8.v20121106]
	at org.eclipse.jetty.servlet.ServletHandler.doScope(ServletHandler.java:382) [jetty-servlet-8.1.8.v20121106.jar:8.1.8.v20121106]
	at org.eclipse.jetty.server.session.SessionHandler.doScope(SessionHandler.java:193) [jetty-server-8.1.8.v20121106.jar:8.1.8.v20121106]
	at org.eclipse.jetty.server.handler.ContextHandler.doScope(ContextHandler.java:1006) [jetty-server-8.1.8.v20121106.jar:8.1.8.v20121106]
	at org.eclipse.jetty.server.handler.ScopedHandler.handle(ScopedHandler.java:135) [jetty-server-8.1.8.v20121106.jar:8.1.8.v20121106]
	at org.eclipse.jetty.server.handler.HandlerList.handle(HandlerList.java:52) [jetty-server-8.1.8.v20121106.jar:8.1.8.v20121106]
	at org.eclipse.jetty.server.handler.HandlerCollection.handle(HandlerCollection.java:154) [jetty-server-8.1.8.v20121106.jar:8.1.8.v20121106]
	at org.eclipse.jetty.server.handler.HandlerWrapper.handle(HandlerWrapper.java:116) [jetty-server-8.1.8.v20121106.jar:8.1.8.v20121106]
	at org.eclipse.jetty.server.Server.handle(Server.java:365) [jetty-server-8.1.8.v20121106.jar:8.1.8.v20121106]
	at org.eclipse.jetty.server.AbstractHttpConnection.handleRequest(AbstractHttpConnection.java:485) [jetty-server-8.1.8.v20121106.jar:8.1.8.v20121106]
	at org.eclipse.jetty.server.AbstractHttpConnection.headerComplete(AbstractHttpConnection.java:926) [jetty-server-8.1.8.v20121106.jar:8.1.8.v20121106]
	at org.eclipse.jetty.server.AbstractHttpConnection$RequestHandler.headerComplete(AbstractHttpConnection.java:988) [jetty-server-8.1.8.v20121106.jar:8.1.8.v20121106]
	at org.eclipse.jetty.http.HttpParser.parseNext(HttpParser.java:635) [jetty-http-8.1.8.v20121106.jar:8.1.8.v20121106]
	at org.eclipse.jetty.http.HttpParser.parseAvailable(HttpParser.java:235) [jetty-http-8.1.8.v20121106.jar:8.1.8.v20121106]
	at org.eclipse.jetty.server.AsyncHttpConnection.handle(AsyncHttpConnection.java:82) [jetty-server-8.1.8.v20121106.jar:8.1.8.v20121106]
	at org.eclipse.jetty.io.nio.SelectChannelEndPoint.handle(SelectChannelEndPoint.java:628) [jetty-io-8.1.8.v20121106.jar:8.1.8.v20121106]
	at org.eclipse.jetty.io.nio.SelectChannelEndPoint$1.run(SelectChannelEndPoint.java:52) [jetty-io-8.1.8.v20121106.jar:8.1.8.v20121106]
	at org.eclipse.jetty.util.thread.QueuedThreadPool.runJob(QueuedThreadPool.java:608) [jetty-util-8.1.8.v20121106.jar:8.1.8.v20121106]
	at org.eclipse.jetty.util.thread.QueuedThreadPool$3.run(QueuedThreadPool.java:543) [jetty-util-8.1.8.v20121106.jar:8.1.8.v20121106]
	at java.lang.Thread.run(Thread.java:745) [na:1.8.0_20]
2014-11-19 17:42:01,607 [qtp1020520290-21] [admin     ] ERROR restx.StdRestxMainRouter - request raised ClassCastException: eu.leads.api.m24.model.Functionality1ResultRowAgreed cannot be cast to java.lang.Comparable
java.lang.ClassCastException: eu.leads.api.m24.model.Functionality1ResultRowAgreed cannot be cast to java.lang.Comparable
	at java.util.TreeMap.compare(TreeMap.java:1290) ~[na:1.8.0_20]
	at java.util.TreeMap.put(TreeMap.java:538) ~[na:1.8.0_20]
	at java.util.TreeSet.add(TreeSet.java:255) ~[na:1.8.0_20]
	at eu.leads.api.m24.func.Functionality1.execute(Functionality1.java:137) ~[classes/:na]
	at leadsm24.rest.LEADSM24Resource.functionality1(LEADSM24Resource.java:64) ~[classes/:na]
	at leadsm24.rest.LEADSM24ResourceRouter$1.doRoute(LEADSM24ResourceRouter.java:47) ~[classes/:na]
	at leadsm24.rest.LEADSM24ResourceRouter$1.doRoute(LEADSM24ResourceRouter.java:43) ~[classes/:na]
	at restx.entity.StdEntityRoute.handle(StdEntityRoute.java:139) ~[restx-core-0.33.1.jar:na]
	at restx.RestxHandlerMatch.handle(RestxHandlerMatch.java:56) ~[restx-core-0.33.1.jar:na]
	at restx.ResponseCloserFilter.handle(ResponseCloserFilter.java:28) ~[restx-core-0.33.1.jar:na]
	at restx.RestxHandlerMatch.handle(RestxHandlerMatch.java:56) ~[restx-core-0.33.1.jar:na]
	at restx.CacheFilter$1.handle(CacheFilter.java:51) ~[restx-core-0.33.1.jar:na]
	at restx.RestxHandlerMatch.handle(RestxHandlerMatch.java:56) ~[restx-core-0.33.1.jar:na]
	at restx.security.RestxSessionLogFilter.handle(RestxSessionLogFilter.java:43) ~[restx-core-0.33.1.jar:na]
	at restx.RestxHandlerMatch.handle(RestxHandlerMatch.java:56) ~[restx-core-0.33.1.jar:na]
	at restx.security.RestxSessionCookieFilter.handle(RestxSessionCookieFilter.java:99) ~[restx-core-0.33.1.jar:na]
	at restx.RestxHandlerMatch.handle(RestxHandlerMatch.java:56) ~[restx-core-0.33.1.jar:na]
	at restx.stats.RestxStatsCollectionFilter.handle(RestxStatsCollectionFilter.java:39) ~[restx-stats-admin-0.33.1.jar:na]
	at restx.RestxHandlerMatch.handle(RestxHandlerMatch.java:56) ~[restx-core-0.33.1.jar:na]
	at restx.StdRestxMainRouter.route(StdRestxMainRouter.java:152) ~[restx-core-0.33.1.jar:na]
	at restx.RestxMainRouterFactory$PerRequestFactoryLoader.route(RestxMainRouterFactory.java:217) [restx-core-0.33.1.jar:na]
	at restx.RestxMainRouterFactory$RecordingMainRouter.route(RestxMainRouterFactory.java:174) [restx-core-0.33.1.jar:na]
	at restx.RestxMainRouterFactory$CompilationManagerRouter.route(RestxMainRouterFactory.java:326) [restx-core-0.33.1.jar:na]
	at restx.servlet.AbstractRestxMainRouterServlet.service(AbstractRestxMainRouterServlet.java:48) [restx-servlet-0.33.1.jar:na]
	at javax.servlet.http.HttpServlet.service(HttpServlet.java:770) [javax.servlet-api-3.0.1.jar:3.0.1]
	at org.eclipse.jetty.servlet.ServletHolder.handle(ServletHolder.java:669) [jetty-servlet-8.1.8.v20121106.jar:8.1.8.v20121106]
	at org.eclipse.jetty.servlet.ServletHandler.doHandle(ServletHandler.java:455) [jetty-servlet-8.1.8.v20121106.jar:8.1.8.v20121106]
	at org.eclipse.jetty.server.handler.ScopedHandler.handle(ScopedHandler.java:137) [jetty-server-8.1.8.v20121106.jar:8.1.8.v20121106]
	at org.eclipse.jetty.security.SecurityHandler.handle(SecurityHandler.java:536) [jetty-security-8.1.8.v20121106.jar:8.1.8.v20121106]
	at org.eclipse.jetty.server.session.SessionHandler.doHandle(SessionHandler.java:231) [jetty-server-8.1.8.v20121106.jar:8.1.8.v20121106]
	at org.eclipse.jetty.server.handler.ContextHandler.doHandle(ContextHandler.java:1072) [jetty-server-8.1.8.v20121106.jar:8.1.8.v20121106]
	at org.eclipse.jetty.servlet.ServletHandler.doScope(ServletHandler.java:382) [jetty-servlet-8.1.8.v20121106.jar:8.1.8.v20121106]
	at org.eclipse.jetty.server.session.SessionHandler.doScope(SessionHandler.java:193) [jetty-server-8.1.8.v20121106.jar:8.1.8.v20121106]
	at org.eclipse.jetty.server.handler.ContextHandler.doScope(ContextHandler.java:1006) [jetty-server-8.1.8.v20121106.jar:8.1.8.v20121106]
	at org.eclipse.jetty.server.handler.ScopedHandler.handle(ScopedHandler.java:135) [jetty-server-8.1.8.v20121106.jar:8.1.8.v20121106]
	at org.eclipse.jetty.server.handler.HandlerList.handle(HandlerList.java:52) [jetty-server-8.1.8.v20121106.jar:8.1.8.v20121106]
	at org.eclipse.jetty.server.handler.HandlerCollection.handle(HandlerCollection.java:154) [jetty-server-8.1.8.v20121106.jar:8.1.8.v20121106]
	at org.eclipse.jetty.server.handler.HandlerWrapper.handle(HandlerWrapper.java:116) [jetty-server-8.1.8.v20121106.jar:8.1.8.v20121106]
	at org.eclipse.jetty.server.Server.handle(Server.java:365) [jetty-server-8.1.8.v20121106.jar:8.1.8.v20121106]
	at org.eclipse.jetty.server.AbstractHttpConnection.handleRequest(AbstractHttpConnection.java:485) [jetty-server-8.1.8.v20121106.jar:8.1.8.v20121106]
	at org.eclipse.jetty.server.AbstractHttpConnection.headerComplete(AbstractHttpConnection.java:926) [jetty-server-8.1.8.v20121106.jar:8.1.8.v20121106]
	at org.eclipse.jetty.server.AbstractHttpConnection$RequestHandler.headerComplete(AbstractHttpConnection.java:988) [jetty-server-8.1.8.v20121106.jar:8.1.8.v20121106]
	at org.eclipse.jetty.http.HttpParser.parseNext(HttpParser.java:635) [jetty-http-8.1.8.v20121106.jar:8.1.8.v20121106]
	at org.eclipse.jetty.http.HttpParser.parseAvailable(HttpParser.java:235) [jetty-http-8.1.8.v20121106.jar:8.1.8.v20121106]
	at org.eclipse.jetty.server.AsyncHttpConnection.handle(AsyncHttpConnection.java:82) [jetty-server-8.1.8.v20121106.jar:8.1.8.v20121106]
	at org.eclipse.jetty.io.nio.SelectChannelEndPoint.handle(SelectChannelEndPoint.java:628) [jetty-io-8.1.8.v20121106.jar:8.1.8.v20121106]
	at org.eclipse.jetty.io.nio.SelectChannelEndPoint$1.run(SelectChannelEndPoint.java:52) [jetty-io-8.1.8.v20121106.jar:8.1.8.v20121106]
	at org.eclipse.jetty.util.thread.QueuedThreadPool.runJob(QueuedThreadPool.java:608) [jetty-util-8.1.8.v20121106.jar:8.1.8.v20121106]
	at org.eclipse.jetty.util.thread.QueuedThreadPool$3.run(QueuedThreadPool.java:543) [jetty-util-8.1.8.v20121106.jar:8.1.8.v20121106]
	at java.lang.Thread.run(Thread.java:745) [na:1.8.0_20]
